0 info it worked if it ends with ok
1 verbose cli [ '/usr/bin/nodejs', '/usr/bin/npm', 'publish' ]
2 info using npm@3.8.6
3 info using node@v5.12.0
4 verbose publish [ '.' ]
5 verbose stack Error: No name provided
5 verbose stack     at /usr/lib/node_modules/npm/lib/publish.js:50:33
5 verbose stack     at /usr/lib/node_modules/npm/node_modules/read-package-json/read-json.js:345:5
5 verbose stack     at checkBinReferences_ (/usr/lib/node_modules/npm/node_modules/read-package-json/read-json.js:309:45)
5 verbose stack     at final (/usr/lib/node_modules/npm/node_modules/read-package-json/read-json.js:343:3)
5 verbose stack     at then (/usr/lib/node_modules/npm/node_modules/read-package-json/read-json.js:113:5)
5 verbose stack     at /usr/lib/node_modules/npm/node_modules/read-package-json/read-json.js:300:12
5 verbose stack     at /usr/lib/node_modules/npm/node_modules/graceful-fs/graceful-fs.js:78:16
5 verbose stack     at tryToString (fs.js:414:3)
5 verbose stack     at FSReqWrap.readFileAfterClose [as oncomplete] (fs.js:401:12)
6 verbose cwd /var/www/html/uhssp
7 error Linux 4.4.0-38-generic
8 error argv "/usr/bin/nodejs" "/usr/bin/npm" "publish"
9 error node v5.12.0
10 error npm  v3.8.6
11 error No name provided
12 error If you need help, you may report this error at:
12 error     <https://github.com/npm/npm/issues>
13 verbose exit [ 1, true ]
